<?xml version="1.0" encoding="UTF-8"?>
<!-- Generated by org.testng.reporters.JUnitReportReporter -->
<testsuite hostname="MC-VD-SNAG-02" failures="0" tests="2" name="PageTests.VerifyHorizontalSlide" time="2.165" errors="0" timestamp="2024-11-07T11:25:46 IST" skipped="0">
  <testcase classname="PageTests.VerifyHorizontalSlide" name="verifySlide" time="0.848"/>
  <testcase classname="PageTests.VerifyHorizontalSlide" name="verifySlide" time="1.317"/>
</testsuite> <!-- PageTests.VerifyHorizontalSlide -->
