<?xml version="1.0" encoding="UTF-8"?>
<!-- Generated by org.testng.reporters.JUnitReportReporter -->
<testsuite hostname="MC-VD-SNAG-02" failures="0" tests="10" name="PageTests.TC001LoginData" time="61.836" errors="0" timestamp="2024-12-16T17:38:59 IST" skipped="0">
  <testcase classname="PageTests.TC001LoginData" name="runLogin" time="5.201"/>
  <testcase classname="PageTests.TC001LoginData" name="runLogin" time="5.924"/>
  <testcase classname="PageTests.TC001LoginData" name="runLogin" time="3.247"/>
  <testcase classname="PageTests.TC001LoginData" name="runLogin" time="6.734"/>
  <testcase classname="PageTests.TC001LoginData" name="runLogin" time="9.033"/>
  <testcase classname="PageTests.TC001LoginData" name="runLogin" time="12.970"/>
  <testcase classname="PageTests.TC001LoginData" name="runLogin" time="6.697"/>
  <testcase classname="PageTests.TC001LoginData" name="runLogin" time="5.024"/>
  <testcase classname="PageTests.TC001LoginData" name="runLogin" time="2.201"/>
  <testcase classname="PageTests.TC001LoginData" name="runLogin" time="4.805"/>
</testsuite> <!-- PageTests.TC001LoginData -->
